[2015-11-05 14:20:08,175] TRACE Controller 0 epoch 14 started leader election for partition [test1,0] (state.change.logger)
[2015-11-05 14:20:08,221] ERROR Controller 0 epoch 14 initiated state change for partition [test1,0] from OfflinePartition to OnlinePartition failed (state.change.logger)
kafka.common.NoReplicaOnlineException: No replica for partition [test1,0] is alive. Live brokers are: [Set()], Assigned replicas are: [List(0)]
	at kafka.controller.OfflinePartitionLeaderSelector.selectLeader(PartitionLeaderSelector.scala:75)
	at kafka.controller.PartitionStateMachine.electLeaderForPartition(PartitionStateMachine.scala:357)
	at kafka.controller.PartitionStateMachine.kafka$controller$PartitionStateMachine$$handleStateChange(PartitionStateMachine.scala:206)
	at kafka.controller.PartitionStateMachine$$anonfun$triggerOnlinePartitionStateChange$3.apply(PartitionStateMachine.scala:120)
	at kafka.controller.PartitionStateMachine$$anonfun$triggerOnlinePartitionStateChange$3.apply(PartitionStateMachine.scala:117)
	at scala.collection.TraversableLike$WithFilter$$anonfun$foreach$1.apply(TraversableLike.scala:772)
	at scala.collection.mutable.HashMap$$anonfun$foreach$1.apply(HashMap.scala:98)
	at scala.collection.mutable.HashMap$$anonfun$foreach$1.apply(HashMap.scala:98)
	at scala.collection.mutable.HashTable$class.foreachEntry(HashTable.scala:226)
	at scala.collection.mutable.HashMap.foreachEntry(HashMap.scala:39)
	at scala.collection.mutable.HashMap.foreach(HashMap.scala:98)
	at scala.collection.TraversableLike$WithFilter.foreach(TraversableLike.scala:771)
	at kafka.controller.PartitionStateMachine.triggerOnlinePartitionStateChange(PartitionStateMachine.scala:117)
	at kafka.controller.PartitionStateMachine.startup(PartitionStateMachine.scala:70)
	at kafka.controller.KafkaController.onControllerFailover(KafkaController.scala:314)
	at kafka.controller.KafkaController$$anonfun$1.apply$mcV$sp(KafkaController.scala:161)
	at kafka.server.ZookeeperLeaderElector.elect(ZookeeperLeaderElector.scala:81)
	at kafka.server.ZookeeperLeaderElector$$anonfun$startup$1.apply$mcZ$sp(ZookeeperLeaderElector.scala:49)
	at kafka.server.ZookeeperLeaderElector$$anonfun$startup$1.apply(ZookeeperLeaderElector.scala:47)
	at kafka.server.ZookeeperLeaderElector$$anonfun$startup$1.apply(ZookeeperLeaderElector.scala:47)
	at kafka.utils.Utils$.inLock(Utils.scala:535)
	at kafka.server.ZookeeperLeaderElector.startup(ZookeeperLeaderElector.scala:47)
	at kafka.controller.KafkaController$$anonfun$startup$1.apply$mcV$sp(KafkaController.scala:650)
	at kafka.controller.KafkaController$$anonfun$startup$1.apply(KafkaController.scala:646)
	at kafka.controller.KafkaController$$anonfun$startup$1.apply(KafkaController.scala:646)
	at kafka.utils.Utils$.inLock(Utils.scala:535)
	at kafka.controller.KafkaController.startup(KafkaController.scala:646)
	at kafka.server.KafkaServer.startup(KafkaServer.scala:117)
	at kafka.server.KafkaServerStartable.startup(KafkaServerStartable.scala:29)
	at kafka.Kafka$.main(Kafka.scala:46)
	at kafka.Kafka.main(Kafka.scala)
[2015-11-05 14:20:08,224] TRACE Controller 0 epoch 14 started leader election for partition [kafkatest,0] (state.change.logger)
[2015-11-05 14:20:08,276] ERROR Controller 0 epoch 14 initiated state change for partition [kafkatest,0] from OfflinePartition to OnlinePartition failed (state.change.logger)
kafka.common.NoReplicaOnlineException: No replica for partition [kafkatest,0] is alive. Live brokers are: [Set()], Assigned replicas are: [List(0)]
	at kafka.controller.OfflinePartitionLeaderSelector.selectLeader(PartitionLeaderSelector.scala:75)
	at kafka.controller.PartitionStateMachine.electLeaderForPartition(PartitionStateMachine.scala:357)
	at kafka.controller.PartitionStateMachine.kafka$controller$PartitionStateMachine$$handleStateChange(PartitionStateMachine.scala:206)
	at kafka.controller.PartitionStateMachine$$anonfun$triggerOnlinePartitionStateChange$3.apply(PartitionStateMachine.scala:120)
	at kafka.controller.PartitionStateMachine$$anonfun$triggerOnlinePartitionStateChange$3.apply(PartitionStateMachine.scala:117)
	at scala.collection.TraversableLike$WithFilter$$anonfun$foreach$1.apply(TraversableLike.scala:772)
	at scala.collection.mutable.HashMap$$anonfun$foreach$1.apply(HashMap.scala:98)
	at scala.collection.mutable.HashMap$$anonfun$foreach$1.apply(HashMap.scala:98)
	at scala.collection.mutable.HashTable$class.foreachEntry(HashTable.scala:226)
	at scala.collection.mutable.HashMap.foreachEntry(HashMap.scala:39)
	at scala.collection.mutable.HashMap.foreach(HashMap.scala:98)
	at scala.collection.TraversableLike$WithFilter.foreach(TraversableLike.scala:771)
	at kafka.controller.PartitionStateMachine.triggerOnlinePartitionStateChange(PartitionStateMachine.scala:117)
	at kafka.controller.PartitionStateMachine.startup(PartitionStateMachine.scala:70)
	at kafka.controller.KafkaController.onControllerFailover(KafkaController.scala:314)
	at kafka.controller.KafkaController$$anonfun$1.apply$mcV$sp(KafkaController.scala:161)
	at kafka.server.ZookeeperLeaderElector.elect(ZookeeperLeaderElector.scala:81)
	at kafka.server.ZookeeperLeaderElector$$anonfun$startup$1.apply$mcZ$sp(ZookeeperLeaderElector.scala:49)
	at kafka.server.ZookeeperLeaderElector$$anonfun$startup$1.apply(ZookeeperLeaderElector.scala:47)
	at kafka.server.ZookeeperLeaderElector$$anonfun$startup$1.apply(ZookeeperLeaderElector.scala:47)
	at kafka.utils.Utils$.inLock(Utils.scala:535)
	at kafka.server.ZookeeperLeaderElector.startup(ZookeeperLeaderElector.scala:47)
	at kafka.controller.KafkaController$$anonfun$startup$1.apply$mcV$sp(KafkaController.scala:650)
	at kafka.controller.KafkaController$$anonfun$startup$1.apply(KafkaController.scala:646)
	at kafka.controller.KafkaController$$anonfun$startup$1.apply(KafkaController.scala:646)
	at kafka.utils.Utils$.inLock(Utils.scala:535)
	at kafka.controller.KafkaController.startup(KafkaController.scala:646)
	at kafka.server.KafkaServer.startup(KafkaServer.scala:117)
	at kafka.server.KafkaServerStartable.startup(KafkaServerStartable.scala:29)
	at kafka.Kafka$.main(Kafka.scala:46)
	at kafka.Kafka.main(Kafka.scala)
[2015-11-05 14:20:08,279] TRACE Controller 0 epoch 14 started leader election for partition [cs286,0] (state.change.logger)
[2015-11-05 14:20:08,387] ERROR Controller 0 epoch 14 initiated state change for partition [cs286,0] from OfflinePartition to OnlinePartition failed (state.change.logger)
kafka.common.NoReplicaOnlineException: No replica for partition [cs286,0] is alive. Live brokers are: [Set()], Assigned replicas are: [List(0)]
	at kafka.controller.OfflinePartitionLeaderSelector.selectLeader(PartitionLeaderSelector.scala:75)
	at kafka.controller.PartitionStateMachine.electLeaderForPartition(PartitionStateMachine.scala:357)
	at kafka.controller.PartitionStateMachine.kafka$controller$PartitionStateMachine$$handleStateChange(PartitionStateMachine.scala:206)
	at kafka.controller.PartitionStateMachine$$anonfun$triggerOnlinePartitionStateChange$3.apply(PartitionStateMachine.scala:120)
	at kafka.controller.PartitionStateMachine$$anonfun$triggerOnlinePartitionStateChange$3.apply(PartitionStateMachine.scala:117)
	at scala.collection.TraversableLike$WithFilter$$anonfun$foreach$1.apply(TraversableLike.scala:772)
	at scala.collection.mutable.HashMap$$anonfun$foreach$1.apply(HashMap.scala:98)
	at scala.collection.mutable.HashMap$$anonfun$foreach$1.apply(HashMap.scala:98)
	at scala.collection.mutable.HashTable$class.foreachEntry(HashTable.scala:226)
	at scala.collection.mutable.HashMap.foreachEntry(HashMap.scala:39)
	at scala.collection.mutable.HashMap.foreach(HashMap.scala:98)
	at scala.collection.TraversableLike$WithFilter.foreach(TraversableLike.scala:771)
	at kafka.controller.PartitionStateMachine.triggerOnlinePartitionStateChange(PartitionStateMachine.scala:117)
	at kafka.controller.PartitionStateMachine.startup(PartitionStateMachine.scala:70)
	at kafka.controller.KafkaController.onControllerFailover(KafkaController.scala:314)
	at kafka.controller.KafkaController$$anonfun$1.apply$mcV$sp(KafkaController.scala:161)
	at kafka.server.ZookeeperLeaderElector.elect(ZookeeperLeaderElector.scala:81)
	at kafka.server.ZookeeperLeaderElector$$anonfun$startup$1.apply$mcZ$sp(ZookeeperLeaderElector.scala:49)
	at kafka.server.ZookeeperLeaderElector$$anonfun$startup$1.apply(ZookeeperLeaderElector.scala:47)
	at kafka.server.ZookeeperLeaderElector$$anonfun$startup$1.apply(ZookeeperLeaderElector.scala:47)
	at kafka.utils.Utils$.inLock(Utils.scala:535)
	at kafka.server.ZookeeperLeaderElector.startup(ZookeeperLeaderElector.scala:47)
	at kafka.controller.KafkaController$$anonfun$startup$1.apply$mcV$sp(KafkaController.scala:650)
	at kafka.controller.KafkaController$$anonfun$startup$1.apply(KafkaController.scala:646)
	at kafka.controller.KafkaController$$anonfun$startup$1.apply(KafkaController.scala:646)
	at kafka.utils.Utils$.inLock(Utils.scala:535)
	at kafka.controller.KafkaController.startup(KafkaController.scala:646)
	at kafka.server.KafkaServer.startup(KafkaServer.scala:117)
	at kafka.server.KafkaServerStartable.startup(KafkaServerStartable.scala:29)
	at kafka.Kafka$.main(Kafka.scala:46)
	at kafka.Kafka.main(Kafka.scala)
[2015-11-05 14:20:08,388] TRACE Controller 0 epoch 14 started leader election for partition [test,0] (state.change.logger)
[2015-11-05 14:20:08,431] ERROR Controller 0 epoch 14 initiated state change for partition [test,0] from OfflinePartition to OnlinePartition failed (state.change.logger)
kafka.common.NoReplicaOnlineException: No replica for partition [test,0] is alive. Live brokers are: [Set()], Assigned replicas are: [List(0)]
	at kafka.controller.OfflinePartitionLeaderSelector.selectLeader(PartitionLeaderSelector.scala:75)
	at kafka.controller.PartitionStateMachine.electLeaderForPartition(PartitionStateMachine.scala:357)
	at kafka.controller.PartitionStateMachine.kafka$controller$PartitionStateMachine$$handleStateChange(PartitionStateMachine.scala:206)
	at kafka.controller.PartitionStateMachine$$anonfun$triggerOnlinePartitionStateChange$3.apply(PartitionStateMachine.scala:120)
	at kafka.controller.PartitionStateMachine$$anonfun$triggerOnlinePartitionStateChange$3.apply(PartitionStateMachine.scala:117)
	at scala.collection.TraversableLike$WithFilter$$anonfun$foreach$1.apply(TraversableLike.scala:772)
	at scala.collection.mutable.HashMap$$anonfun$foreach$1.apply(HashMap.scala:98)
	at scala.collection.mutable.HashMap$$anonfun$foreach$1.apply(HashMap.scala:98)
	at scala.collection.mutable.HashTable$class.foreachEntry(HashTable.scala:226)
	at scala.collection.mutable.HashMap.foreachEntry(HashMap.scala:39)
	at scala.collection.mutable.HashMap.foreach(HashMap.scala:98)
	at scala.collection.TraversableLike$WithFilter.foreach(TraversableLike.scala:771)
	at kafka.controller.PartitionStateMachine.triggerOnlinePartitionStateChange(PartitionStateMachine.scala:117)
	at kafka.controller.PartitionStateMachine.startup(PartitionStateMachine.scala:70)
	at kafka.controller.KafkaController.onControllerFailover(KafkaController.scala:314)
	at kafka.controller.KafkaController$$anonfun$1.apply$mcV$sp(KafkaController.scala:161)
	at kafka.server.ZookeeperLeaderElector.elect(ZookeeperLeaderElector.scala:81)
	at kafka.server.ZookeeperLeaderElector$$anonfun$startup$1.apply$mcZ$sp(ZookeeperLeaderElector.scala:49)
	at kafka.server.ZookeeperLeaderElector$$anonfun$startup$1.apply(ZookeeperLeaderElector.scala:47)
	at kafka.server.ZookeeperLeaderElector$$anonfun$startup$1.apply(ZookeeperLeaderElector.scala:47)
	at kafka.utils.Utils$.inLock(Utils.scala:535)
	at kafka.server.ZookeeperLeaderElector.startup(ZookeeperLeaderElector.scala:47)
	at kafka.controller.KafkaController$$anonfun$startup$1.apply$mcV$sp(KafkaController.scala:650)
	at kafka.controller.KafkaController$$anonfun$startup$1.apply(KafkaController.scala:646)
	at kafka.controller.KafkaController$$anonfun$startup$1.apply(KafkaController.scala:646)
	at kafka.utils.Utils$.inLock(Utils.scala:535)
	at kafka.controller.KafkaController.startup(KafkaController.scala:646)
	at kafka.server.KafkaServer.startup(KafkaServer.scala:117)
	at kafka.server.KafkaServerStartable.startup(KafkaServerStartable.scala:29)
	at kafka.Kafka$.main(Kafka.scala:46)
	at kafka.Kafka.main(Kafka.scala)
[2015-11-05 14:20:08,963] TRACE Controller 0 epoch 14 sending UpdateMetadata request (Leader:0,ISR:0,LeaderEpoch:8,ControllerEpoch:13) with correlationId 3 to broker 0 for partition [test1,0] (state.change.logger)
[2015-11-05 14:20:08,975] TRACE Controller 0 epoch 14 sending UpdateMetadata request (Leader:0,ISR:0,LeaderEpoch:7,ControllerEpoch:13) with correlationId 3 to broker 0 for partition [kafkatest,0] (state.change.logger)
[2015-11-05 14:20:08,975] TRACE Controller 0 epoch 14 sending UpdateMetadata request (Leader:0,ISR:0,LeaderEpoch:1,ControllerEpoch:13) with correlationId 3 to broker 0 for partition [cs286,0] (state.change.logger)
[2015-11-05 14:20:08,976] TRACE Controller 0 epoch 14 sending UpdateMetadata request (Leader:0,ISR:0,LeaderEpoch:15,ControllerEpoch:13) with correlationId 3 to broker 0 for partition [test,0] (state.change.logger)
[2015-11-05 14:20:09,128] TRACE Controller 0 epoch 14 changed state of replica 0 for partition [test1,0] from ReplicaDeletionIneligible to OnlineReplica (state.change.logger)
[2015-11-05 14:20:09,129] TRACE Broker 0 cached leader info (LeaderAndIsrInfo:(Leader:0,ISR:0,LeaderEpoch:8,ControllerEpoch:13),ReplicationFactor:1),AllReplicas:0) for partition [test1,0] in response to UpdateMetadata request sent by controller 0 epoch 14 with correlation id 3 (state.change.logger)
[2015-11-05 14:20:09,130] TRACE Broker 0 cached leader info (LeaderAndIsrInfo:(Leader:0,ISR:0,LeaderEpoch:7,ControllerEpoch:13),ReplicationFactor:1),AllReplicas:0) for partition [kafkatest,0] in response to UpdateMetadata request sent by controller 0 epoch 14 with correlation id 3 (state.change.logger)
[2015-11-05 14:20:09,130] TRACE Broker 0 cached leader info (LeaderAndIsrInfo:(Leader:0,ISR:0,LeaderEpoch:1,ControllerEpoch:13),ReplicationFactor:1),AllReplicas:0) for partition [cs286,0] in response to UpdateMetadata request sent by controller 0 epoch 14 with correlation id 3 (state.change.logger)
[2015-11-05 14:20:09,131] TRACE Broker 0 cached leader info (LeaderAndIsrInfo:(Leader:0,ISR:0,LeaderEpoch:15,ControllerEpoch:13),ReplicationFactor:1),AllReplicas:0) for partition [test,0] in response to UpdateMetadata request sent by controller 0 epoch 14 with correlation id 3 (state.change.logger)
[2015-11-05 14:20:09,137] TRACE Controller 0 epoch 14 changed state of replica 0 for partition [kafkatest,0] from ReplicaDeletionIneligible to OnlineReplica (state.change.logger)
[2015-11-05 14:20:09,138] TRACE Controller 0 epoch 14 changed state of replica 0 for partition [cs286,0] from ReplicaDeletionIneligible to OnlineReplica (state.change.logger)
[2015-11-05 14:20:09,138] TRACE Controller 0 epoch 14 changed state of replica 0 for partition [test,0] from ReplicaDeletionIneligible to OnlineReplica (state.change.logger)
[2015-11-05 14:20:09,156] TRACE Controller 0 epoch 14 sending become-leader LeaderAndIsr request (Leader:0,ISR:0,LeaderEpoch:8,ControllerEpoch:13) with correlationId 4 to broker 0 for partition [test1,0] (state.change.logger)
[2015-11-05 14:20:09,156] TRACE Controller 0 epoch 14 sending become-leader LeaderAndIsr request (Leader:0,ISR:0,LeaderEpoch:7,ControllerEpoch:13) with correlationId 4 to broker 0 for partition [kafkatest,0] (state.change.logger)
[2015-11-05 14:20:09,157] TRACE Controller 0 epoch 14 sending become-leader LeaderAndIsr request (Leader:0,ISR:0,LeaderEpoch:1,ControllerEpoch:13) with correlationId 4 to broker 0 for partition [cs286,0] (state.change.logger)
[2015-11-05 14:20:09,157] TRACE Controller 0 epoch 14 sending become-leader LeaderAndIsr request (Leader:0,ISR:0,LeaderEpoch:15,ControllerEpoch:13) with correlationId 4 to broker 0 for partition [test,0] (state.change.logger)
[2015-11-05 14:20:09,170] TRACE Controller 0 epoch 14 sending UpdateMetadata request (Leader:0,ISR:0,LeaderEpoch:8,ControllerEpoch:13) with correlationId 4 to broker 0 for partition [test1,0] (state.change.logger)
[2015-11-05 14:20:09,170] TRACE Controller 0 epoch 14 sending UpdateMetadata request (Leader:0,ISR:0,LeaderEpoch:7,ControllerEpoch:13) with correlationId 4 to broker 0 for partition [kafkatest,0] (state.change.logger)
[2015-11-05 14:20:09,170] TRACE Controller 0 epoch 14 sending UpdateMetadata request (Leader:0,ISR:0,LeaderEpoch:1,ControllerEpoch:13) with correlationId 4 to broker 0 for partition [cs286,0] (state.change.logger)
[2015-11-05 14:20:09,171] TRACE Controller 0 epoch 14 sending UpdateMetadata request (Leader:0,ISR:0,LeaderEpoch:15,ControllerEpoch:13) with correlationId 4 to broker 0 for partition [test,0] (state.change.logger)
[2015-11-05 14:20:09,171] TRACE Controller 0 epoch 14 started leader election for partition [test1,0] (state.change.logger)
[2015-11-05 14:20:09,209] TRACE Controller 0 epoch 14 received response UpdateMetadataResponse(3,0) for a request sent to broker id:0,host:mapr1node,port:9092 (state.change.logger)
[2015-11-05 14:20:09,252] TRACE Controller 0 epoch 14 elected leader 0 for Offline partition [test1,0] (state.change.logger)
[2015-11-05 14:20:09,266] TRACE Controller 0 epoch 14 changed partition [test1,0] from OfflinePartition to OnlinePartition with leader 0 (state.change.logger)
[2015-11-05 14:20:09,267] TRACE Controller 0 epoch 14 started leader election for partition [kafkatest,0] (state.change.logger)
[2015-11-05 14:20:09,318] TRACE Controller 0 epoch 14 elected leader 0 for Offline partition [kafkatest,0] (state.change.logger)
[2015-11-05 14:20:09,319] TRACE Controller 0 epoch 14 changed partition [kafkatest,0] from OfflinePartition to OnlinePartition with leader 0 (state.change.logger)
[2015-11-05 14:20:09,319] TRACE Controller 0 epoch 14 started leader election for partition [cs286,0] (state.change.logger)
[2015-11-05 14:20:09,362] TRACE Controller 0 epoch 14 elected leader 0 for Offline partition [cs286,0] (state.change.logger)
[2015-11-05 14:20:09,363] TRACE Controller 0 epoch 14 changed partition [cs286,0] from OfflinePartition to OnlinePartition with leader 0 (state.change.logger)
[2015-11-05 14:20:09,363] TRACE Controller 0 epoch 14 started leader election for partition [test,0] (state.change.logger)
[2015-11-05 14:20:09,417] TRACE Controller 0 epoch 14 elected leader 0 for Offline partition [test,0] (state.change.logger)
[2015-11-05 14:20:09,418] TRACE Controller 0 epoch 14 changed partition [test,0] from OfflinePartition to OnlinePartition with leader 0 (state.change.logger)
[2015-11-05 14:20:09,419] TRACE Controller 0 epoch 14 sending become-leader LeaderAndIsr request (Leader:0,ISR:0,LeaderEpoch:9,ControllerEpoch:14) with correlationId 5 to broker 0 for partition [test1,0] (state.change.logger)
[2015-11-05 14:20:09,419] TRACE Controller 0 epoch 14 sending become-leader LeaderAndIsr request (Leader:0,ISR:0,LeaderEpoch:8,ControllerEpoch:14) with correlationId 5 to broker 0 for partition [kafkatest,0] (state.change.logger)
[2015-11-05 14:20:09,430] TRACE Controller 0 epoch 14 sending become-leader LeaderAndIsr request (Leader:0,ISR:0,LeaderEpoch:2,ControllerEpoch:14) with correlationId 5 to broker 0 for partition [cs286,0] (state.change.logger)
[2015-11-05 14:20:09,430] TRACE Controller 0 epoch 14 sending become-leader LeaderAndIsr request (Leader:0,ISR:0,LeaderEpoch:16,ControllerEpoch:14) with correlationId 5 to broker 0 for partition [test,0] (state.change.logger)
[2015-11-05 14:20:09,431] TRACE Controller 0 epoch 14 sending UpdateMetadata request (Leader:0,ISR:0,LeaderEpoch:9,ControllerEpoch:14) with correlationId 5 to broker 0 for partition [test1,0] (state.change.logger)
[2015-11-05 14:20:09,431] TRACE Controller 0 epoch 14 sending UpdateMetadata request (Leader:0,ISR:0,LeaderEpoch:8,ControllerEpoch:14) with correlationId 5 to broker 0 for partition [kafkatest,0] (state.change.logger)
[2015-11-05 14:20:09,432] TRACE Controller 0 epoch 14 sending UpdateMetadata request (Leader:0,ISR:0,LeaderEpoch:2,ControllerEpoch:14) with correlationId 5 to broker 0 for partition [cs286,0] (state.change.logger)
[2015-11-05 14:20:09,432] TRACE Controller 0 epoch 14 sending UpdateMetadata request (Leader:0,ISR:0,LeaderEpoch:16,ControllerEpoch:14) with correlationId 5 to broker 0 for partition [test,0] (state.change.logger)
[2015-11-05 14:20:09,458] TRACE Broker 0 received LeaderAndIsr request (LeaderAndIsrInfo:(Leader:0,ISR:0,LeaderEpoch:8,ControllerEpoch:13),ReplicationFactor:1),AllReplicas:0) correlation id 4 from controller 0 epoch 14 for partition [test1,0] (state.change.logger)
[2015-11-05 14:20:09,458] TRACE Broker 0 received LeaderAndIsr request (LeaderAndIsrInfo:(Leader:0,ISR:0,LeaderEpoch:7,ControllerEpoch:13),ReplicationFactor:1),AllReplicas:0) correlation id 4 from controller 0 epoch 14 for partition [kafkatest,0] (state.change.logger)
[2015-11-05 14:20:09,458] TRACE Broker 0 received LeaderAndIsr request (LeaderAndIsrInfo:(Leader:0,ISR:0,LeaderEpoch:1,ControllerEpoch:13),ReplicationFactor:1),AllReplicas:0) correlation id 4 from controller 0 epoch 14 for partition [cs286,0] (state.change.logger)
[2015-11-05 14:20:09,459] TRACE Broker 0 received LeaderAndIsr request (LeaderAndIsrInfo:(Leader:0,ISR:0,LeaderEpoch:15,ControllerEpoch:13),ReplicationFactor:1),AllReplicas:0) correlation id 4 from controller 0 epoch 14 for partition [test,0] (state.change.logger)
[2015-11-05 14:20:09,481] TRACE Broker 0 handling LeaderAndIsr request correlationId 4 from controller 0 epoch 14 starting the become-leader transition for partition [test1,0] (state.change.logger)
[2015-11-05 14:20:09,481] TRACE Broker 0 handling LeaderAndIsr request correlationId 4 from controller 0 epoch 14 starting the become-leader transition for partition [test,0] (state.change.logger)
[2015-11-05 14:20:09,499] TRACE Broker 0 handling LeaderAndIsr request correlationId 4 from controller 0 epoch 14 starting the become-leader transition for partition [cs286,0] (state.change.logger)
[2015-11-05 14:20:09,499] TRACE Broker 0 handling LeaderAndIsr request correlationId 4 from controller 0 epoch 14 starting the become-leader transition for partition [kafkatest,0] (state.change.logger)
[2015-11-05 14:20:09,503] TRACE Broker 0 stopped fetchers as part of become-leader request from controller 0 epoch 14 with correlation id 4 for partition [test1,0] (state.change.logger)
[2015-11-05 14:20:09,534] TRACE Broker 0 stopped fetchers as part of become-leader request from controller 0 epoch 14 with correlation id 4 for partition [test,0] (state.change.logger)
[2015-11-05 14:20:09,540] TRACE Broker 0 stopped fetchers as part of become-leader request from controller 0 epoch 14 with correlation id 4 for partition [cs286,0] (state.change.logger)
[2015-11-05 14:20:09,540] TRACE Broker 0 stopped fetchers as part of become-leader request from controller 0 epoch 14 with correlation id 4 for partition [kafkatest,0] (state.change.logger)
[2015-11-05 14:20:09,768] TRACE Broker 0 completed LeaderAndIsr request correlationId 4 from controller 0 epoch 14 for the become-leader transition for partition [test1,0] (state.change.logger)
[2015-11-05 14:20:09,769] TRACE Broker 0 completed LeaderAndIsr request correlationId 4 from controller 0 epoch 14 for the become-leader transition for partition [test,0] (state.change.logger)
[2015-11-05 14:20:09,769] TRACE Broker 0 completed LeaderAndIsr request correlationId 4 from controller 0 epoch 14 for the become-leader transition for partition [cs286,0] (state.change.logger)
[2015-11-05 14:20:09,769] TRACE Broker 0 completed LeaderAndIsr request correlationId 4 from controller 0 epoch 14 for the become-leader transition for partition [kafkatest,0] (state.change.logger)
[2015-11-05 14:20:10,038] TRACE Controller 0 epoch 14 received response LeaderAndIsrResponse(4,Map((test1,0) -> 0, (kafkatest,0) -> 0, (cs286,0) -> 0, (test,0) -> 0),0) for a request sent to broker id:0,host:mapr1node,port:9092 (state.change.logger)
[2015-11-05 14:20:10,048] TRACE Broker 0 cached leader info (LeaderAndIsrInfo:(Leader:0,ISR:0,LeaderEpoch:8,ControllerEpoch:13),ReplicationFactor:1),AllReplicas:0) for partition [test1,0] in response to UpdateMetadata request sent by controller 0 epoch 14 with correlation id 4 (state.change.logger)
[2015-11-05 14:20:10,049] TRACE Broker 0 cached leader info (LeaderAndIsrInfo:(Leader:0,ISR:0,LeaderEpoch:7,ControllerEpoch:13),ReplicationFactor:1),AllReplicas:0) for partition [kafkatest,0] in response to UpdateMetadata request sent by controller 0 epoch 14 with correlation id 4 (state.change.logger)
[2015-11-05 14:20:10,049] TRACE Broker 0 cached leader info (LeaderAndIsrInfo:(Leader:0,ISR:0,LeaderEpoch:1,ControllerEpoch:13),ReplicationFactor:1),AllReplicas:0) for partition [cs286,0] in response to UpdateMetadata request sent by controller 0 epoch 14 with correlation id 4 (state.change.logger)
[2015-11-05 14:20:10,049] TRACE Broker 0 cached leader info (LeaderAndIsrInfo:(Leader:0,ISR:0,LeaderEpoch:15,ControllerEpoch:13),ReplicationFactor:1),AllReplicas:0) for partition [test,0] in response to UpdateMetadata request sent by controller 0 epoch 14 with correlation id 4 (state.change.logger)
[2015-11-05 14:20:10,053] TRACE Controller 0 epoch 14 received response UpdateMetadataResponse(4,0) for a request sent to broker id:0,host:mapr1node,port:9092 (state.change.logger)
[2015-11-05 14:20:10,057] TRACE Broker 0 received LeaderAndIsr request (LeaderAndIsrInfo:(Leader:0,ISR:0,LeaderEpoch:9,ControllerEpoch:14),ReplicationFactor:1),AllReplicas:0) correlation id 5 from controller 0 epoch 14 for partition [test1,0] (state.change.logger)
[2015-11-05 14:20:10,057] TRACE Broker 0 received LeaderAndIsr request (LeaderAndIsrInfo:(Leader:0,ISR:0,LeaderEpoch:8,ControllerEpoch:14),ReplicationFactor:1),AllReplicas:0) correlation id 5 from controller 0 epoch 14 for partition [kafkatest,0] (state.change.logger)
[2015-11-05 14:20:10,057] TRACE Broker 0 received LeaderAndIsr request (LeaderAndIsrInfo:(Leader:0,ISR:0,LeaderEpoch:2,ControllerEpoch:14),ReplicationFactor:1),AllReplicas:0) correlation id 5 from controller 0 epoch 14 for partition [cs286,0] (state.change.logger)
[2015-11-05 14:20:10,058] TRACE Broker 0 received LeaderAndIsr request (LeaderAndIsrInfo:(Leader:0,ISR:0,LeaderEpoch:16,ControllerEpoch:14),ReplicationFactor:1),AllReplicas:0) correlation id 5 from controller 0 epoch 14 for partition [test,0] (state.change.logger)
[2015-11-05 14:20:10,058] TRACE Broker 0 handling LeaderAndIsr request correlationId 5 from controller 0 epoch 14 starting the become-leader transition for partition [test1,0] (state.change.logger)
[2015-11-05 14:20:10,059] TRACE Broker 0 handling LeaderAndIsr request correlationId 5 from controller 0 epoch 14 starting the become-leader transition for partition [test,0] (state.change.logger)
[2015-11-05 14:20:10,108] TRACE Broker 0 handling LeaderAndIsr request correlationId 5 from controller 0 epoch 14 starting the become-leader transition for partition [cs286,0] (state.change.logger)
[2015-11-05 14:20:10,108] TRACE Broker 0 handling LeaderAndIsr request correlationId 5 from controller 0 epoch 14 starting the become-leader transition for partition [kafkatest,0] (state.change.logger)
[2015-11-05 14:20:10,111] TRACE Broker 0 stopped fetchers as part of become-leader request from controller 0 epoch 14 with correlation id 5 for partition [test1,0] (state.change.logger)
[2015-11-05 14:20:10,111] TRACE Broker 0 stopped fetchers as part of become-leader request from controller 0 epoch 14 with correlation id 5 for partition [test,0] (state.change.logger)
[2015-11-05 14:20:10,112] TRACE Broker 0 stopped fetchers as part of become-leader request from controller 0 epoch 14 with correlation id 5 for partition [cs286,0] (state.change.logger)
[2015-11-05 14:20:10,113] TRACE Broker 0 stopped fetchers as part of become-leader request from controller 0 epoch 14 with correlation id 5 for partition [kafkatest,0] (state.change.logger)
[2015-11-05 14:20:10,114] TRACE Broker 0 completed LeaderAndIsr request correlationId 5 from controller 0 epoch 14 for the become-leader transition for partition [test1,0] (state.change.logger)
[2015-11-05 14:20:10,114] TRACE Broker 0 completed LeaderAndIsr request correlationId 5 from controller 0 epoch 14 for the become-leader transition for partition [test,0] (state.change.logger)
[2015-11-05 14:20:10,114] TRACE Broker 0 completed LeaderAndIsr request correlationId 5 from controller 0 epoch 14 for the become-leader transition for partition [cs286,0] (state.change.logger)
[2015-11-05 14:20:10,117] TRACE Broker 0 completed LeaderAndIsr request correlationId 5 from controller 0 epoch 14 for the become-leader transition for partition [kafkatest,0] (state.change.logger)
[2015-11-05 14:20:10,118] TRACE Controller 0 epoch 14 received response LeaderAndIsrResponse(5,Map((test1,0) -> 0, (kafkatest,0) -> 0, (cs286,0) -> 0, (test,0) -> 0),0) for a request sent to broker id:0,host:mapr1node,port:9092 (state.change.logger)
[2015-11-05 14:20:10,128] TRACE Broker 0 cached leader info (LeaderAndIsrInfo:(Leader:0,ISR:0,LeaderEpoch:9,ControllerEpoch:14),ReplicationFactor:1),AllReplicas:0) for partition [test1,0] in response to UpdateMetadata request sent by controller 0 epoch 14 with correlation id 5 (state.change.logger)
[2015-11-05 14:20:10,128] TRACE Broker 0 cached leader info (LeaderAndIsrInfo:(Leader:0,ISR:0,LeaderEpoch:8,ControllerEpoch:14),ReplicationFactor:1),AllReplicas:0) for partition [kafkatest,0] in response to UpdateMetadata request sent by controller 0 epoch 14 with correlation id 5 (state.change.logger)
[2015-11-05 14:20:10,129] TRACE Broker 0 cached leader info (LeaderAndIsrInfo:(Leader:0,ISR:0,LeaderEpoch:2,ControllerEpoch:14),ReplicationFactor:1),AllReplicas:0) for partition [cs286,0] in response to UpdateMetadata request sent by controller 0 epoch 14 with correlation id 5 (state.change.logger)
[2015-11-05 14:20:10,129] TRACE Broker 0 cached leader info (LeaderAndIsrInfo:(Leader:0,ISR:0,LeaderEpoch:16,ControllerEpoch:14),ReplicationFactor:1),AllReplicas:0) for partition [test,0] in response to UpdateMetadata request sent by controller 0 epoch 14 with correlation id 5 (state.change.logger)
[2015-11-05 14:20:10,130] TRACE Controller 0 epoch 14 received response UpdateMetadataResponse(5,0) for a request sent to broker id:0,host:mapr1node,port:9092 (state.change.logger)
